2023-08-14 21:13:13,735 DEBUG org.jboss.logging.LoggerProviders [background-preinit] Logging Provider: org.jboss.logging.Log4j2LoggerProvider
2023-08-14 21:13:13,738 INFO org.springframework.boot.StartupInfoLogger [main] Starting CybershopApplication using Java 17.0.4.1 on DESKTOP-JPTMO4H with PID 9348 (C:\Users\Aussar\Documents\MisCursos\DAM\2022-2023\Acceso a datos\AA1\ActividadAprendizajeJoseRamonGimeno\cybershop\target\classes started by Aussar in C:\Users\Aussar\Documents\MisCursos\DAM\2022-2023\Acceso a datos\AA1\ActividadAprendizajeJoseRamonGimeno\cybershop)
2023-08-14 21:13:13,738 DEBUG org.springframework.boot.StartupInfoLogger [main] Running with Spring Boot v2.7.7, Spring v5.3.24
2023-08-14 21:13:13,741 INFO org.springframework.boot.SpringApplication [main] No active profile set, falling back to 1 default profile: "default"
2023-08-14 21:13:14,441 INFO org.apache.juli.logging.DirectJDKLog [main] Initializing ProtocolHandler ["http-nio-8080"]
2023-08-14 21:13:14,441 INFO org.apache.juli.logging.DirectJDKLog [main] Starting service [Tomcat]
2023-08-14 21:13:14,441 INFO org.apache.juli.logging.DirectJDKLog [main] Starting Servlet engine: [Apache Tomcat/9.0.70]
2023-08-14 21:13:14,493 INFO org.apache.juli.logging.DirectJDKLog [main] Initializing Spring embedded WebApplicationContext
2023-08-14 21:13:14,547 DEBUG com.zaxxer.hikari.HikariConfig [main] Driver class com.mysql.cj.jdbc.Driver found in Thread context class loader jdk.internal.loader.ClassLoaders$AppClassLoader@73d16e93
2023-08-14 21:13:14,766 DEBUG com.zaxxer.hikari.HikariConfig [main] HikariPool-1 - configuration:
2023-08-14 21:13:14,768 DEBUG com.zaxxer.hikari.HikariConfig [main] allowPoolSuspension................................false
2023-08-14 21:13:14,768 DEBUG com.zaxxer.hikari.HikariConfig [main] autoCommit................................true
2023-08-14 21:13:14,768 DEBUG com.zaxxer.hikari.HikariConfig [main] catalog................................none
2023-08-14 21:13:14,768 DEBUG com.zaxxer.hikari.HikariConfig [main] connectionInitSql................................none
2023-08-14 21:13:14,768 DEBUG com.zaxxer.hikari.HikariConfig [main] connectionTestQuery................................none
2023-08-14 21:13:14,768 DEBUG com.zaxxer.hikari.HikariConfig [main] connectionTimeout................................30000
2023-08-14 21:13:14,769 DEBUG com.zaxxer.hikari.HikariConfig [main] dataSource................................none
2023-08-14 21:13:14,769 DEBUG com.zaxxer.hikari.HikariConfig [main] dataSourceClassName................................none
2023-08-14 21:13:14,769 DEBUG com.zaxxer.hikari.HikariConfig [main] dataSourceJNDI................................none
2023-08-14 21:13:14,769 DEBUG com.zaxxer.hikari.HikariConfig [main] dataSourceProperties................................{password=<masked>}
2023-08-14 21:13:14,769 DEBUG com.zaxxer.hikari.HikariConfig [main] driverClassName................................"com.mysql.cj.jdbc.Driver"
2023-08-14 21:13:14,769 DEBUG com.zaxxer.hikari.HikariConfig [main] exceptionOverrideClassName................................none
2023-08-14 21:13:14,770 DEBUG com.zaxxer.hikari.HikariConfig [main] healthCheckProperties................................{}
2023-08-14 21:13:14,770 DEBUG com.zaxxer.hikari.HikariConfig [main] healthCheckRegistry................................none
2023-08-14 21:13:14,770 DEBUG com.zaxxer.hikari.HikariConfig [main] idleTimeout................................600000
2023-08-14 21:13:14,770 DEBUG com.zaxxer.hikari.HikariConfig [main] initializationFailTimeout................................1
2023-08-14 21:13:14,770 DEBUG com.zaxxer.hikari.HikariConfig [main] isolateInternalQueries................................false
2023-08-14 21:13:14,771 DEBUG com.zaxxer.hikari.HikariConfig [main] jdbcUrl................................jdbc:mysql://localhost:3306/cybershop
2023-08-14 21:13:14,771 DEBUG com.zaxxer.hikari.HikariConfig [main] keepaliveTime................................0
2023-08-14 21:13:14,771 DEBUG com.zaxxer.hikari.HikariConfig [main] leakDetectionThreshold................................0
2023-08-14 21:13:14,771 DEBUG com.zaxxer.hikari.HikariConfig [main] maxLifetime................................1800000
2023-08-14 21:13:14,771 DEBUG com.zaxxer.hikari.HikariConfig [main] maximumPoolSize................................10
2023-08-14 21:13:14,772 DEBUG com.zaxxer.hikari.HikariConfig [main] metricRegistry................................none
2023-08-14 21:13:14,772 DEBUG com.zaxxer.hikari.HikariConfig [main] metricsTrackerFactory................................none
2023-08-14 21:13:14,772 DEBUG com.zaxxer.hikari.HikariConfig [main] minimumIdle................................10
2023-08-14 21:13:14,772 DEBUG com.zaxxer.hikari.HikariConfig [main] password................................<masked>
2023-08-14 21:13:14,772 DEBUG com.zaxxer.hikari.HikariConfig [main] poolName................................"HikariPool-1"
2023-08-14 21:13:14,772 DEBUG com.zaxxer.hikari.HikariConfig [main] readOnly................................false
2023-08-14 21:13:14,772 DEBUG com.zaxxer.hikari.HikariConfig [main] registerMbeans................................false
2023-08-14 21:13:14,772 DEBUG com.zaxxer.hikari.HikariConfig [main] scheduledExecutor................................none
2023-08-14 21:13:14,772 DEBUG com.zaxxer.hikari.HikariConfig [main] schema................................none
2023-08-14 21:13:14,772 DEBUG com.zaxxer.hikari.HikariConfig [main] threadFactory................................internal
2023-08-14 21:13:14,772 DEBUG com.zaxxer.hikari.HikariConfig [main] transactionIsolation................................default
2023-08-14 21:13:14,773 DEBUG com.zaxxer.hikari.HikariConfig [main] username................................"cyberuser"
2023-08-14 21:13:14,773 DEBUG com.zaxxer.hikari.HikariConfig [main] validationTimeout................................5000
2023-08-14 21:13:14,773 INFO com.zaxxer.hikari.HikariDataSource [main] HikariPool-1 - Starting...
2023-08-14 21:13:14,948 DEBUG com.zaxxer.hikari.pool.HikariPool [main] HikariPool-1 - Added connection com.mysql.cj.jdbc.ConnectionImpl@25ae1f80
2023-08-14 21:13:14,948 INFO com.zaxxer.hikari.HikariDataSource [main] HikariPool-1 - Start completed.
2023-08-14 21:13:15,054 DEBUG com.zaxxer.hikari.pool.HikariPool [HikariPool-1 housekeeper] HikariPool-1 - Pool stats (total=1, active=0, idle=1, waiting=0)
2023-08-14 21:13:15,066 DEBUG com.zaxxer.hikari.pool.HikariPool$PoolEntryCreator [HikariPool-1 connection adder] HikariPool-1 - Added connection com.mysql.cj.jdbc.ConnectionImpl@643c1c65
2023-08-14 21:13:15,078 DEBUG com.zaxxer.hikari.pool.HikariPool$PoolEntryCreator [HikariPool-1 connection adder] HikariPool-1 - Added connection com.mysql.cj.jdbc.ConnectionImpl@413e32a
2023-08-14 21:13:15,089 DEBUG com.zaxxer.hikari.pool.HikariPool$PoolEntryCreator [HikariPool-1 connection adder] HikariPool-1 - Added connection com.mysql.cj.jdbc.ConnectionImpl@5b0739f2
2023-08-14 21:13:15,099 DEBUG com.zaxxer.hikari.pool.HikariPool$PoolEntryCreator [HikariPool-1 connection adder] HikariPool-1 - Added connection com.mysql.cj.jdbc.ConnectionImpl@5d1b88
2023-08-14 21:13:15,108 DEBUG com.zaxxer.hikari.pool.HikariPool$PoolEntryCreator [HikariPool-1 connection adder] HikariPool-1 - Added connection com.mysql.cj.jdbc.ConnectionImpl@2776bf82
2023-08-14 21:13:15,117 DEBUG com.zaxxer.hikari.pool.HikariPool$PoolEntryCreator [HikariPool-1 connection adder] HikariPool-1 - Added connection com.mysql.cj.jdbc.ConnectionImpl@31264c8f
2023-08-14 21:13:15,126 DEBUG com.zaxxer.hikari.pool.HikariPool$PoolEntryCreator [HikariPool-1 connection adder] HikariPool-1 - Added connection com.mysql.cj.jdbc.ConnectionImpl@26b23734
2023-08-14 21:13:15,135 DEBUG com.zaxxer.hikari.pool.HikariPool$PoolEntryCreator [HikariPool-1 connection adder] HikariPool-1 - Added connection com.mysql.cj.jdbc.ConnectionImpl@75c2bb45
2023-08-14 21:13:15,142 DEBUG com.zaxxer.hikari.pool.HikariPool$PoolEntryCreator [HikariPool-1 connection adder] HikariPool-1 - Added connection com.mysql.cj.jdbc.ConnectionImpl@7d9ba766
2023-08-14 21:13:15,143 DEBUG com.zaxxer.hikari.pool.HikariPool [HikariPool-1 connection adder] HikariPool-1 - After adding stats (total=10, active=0, idle=10, waiting=0)
2023-08-14 21:13:15,685 WARN org.springframework.boot.autoconfigure.orm.jpa.JpaBaseConfiguration$JpaWebConfiguration [main] spring.jpa.open-in-view is enabled by default. Therefore, database queries may be performed during view rendering. Explicitly configure spring.jpa.open-in-view to disable this warning
2023-08-14 21:13:15,902 DEBUG org.springframework.web.servlet.handler.AbstractHandlerMethodMapping [main] 
	c.s.c.c.ClientController:
	{PATCH [/clients/{id}]}: updateClientPartially(long,Client)
	{DELETE [/clients/{id}]}: deleteClient(long)
	{POST [/clients]}: addClient(Client)
	{GET [/clients]}: getClients(String)
	{GET [/clients/{id}]}: getClient(long)
	{PUT [/clients/{id}]}: updateClient(long,Client)
2023-08-14 21:13:15,904 DEBUG org.springframework.web.servlet.handler.AbstractHandlerMethodMapping [main] 
	c.s.c.c.DiscountController:
	{PATCH [/discounts/{id}]}: updateDiscountPartially(long,Discount)
	{GET [/discounts/{id}]}: getDiscount(long)
	{GET [/discounts]}: getDiscount(String)
	{POST [/discounts]}: addDiscount(Discount)
	{PUT [/discounts/{id}]}: updateDiscount(long,Discount)
	{DELETE [/discounts/{id}]}: deleteDiscount(long)
2023-08-14 21:13:15,905 DEBUG org.springframework.web.servlet.handler.AbstractHandlerMethodMapping [main] 
	c.s.c.c.ProductController:
	{PATCH [/products/{id}]}: updateProductPartially(long,Product)
	{POST [/products]}: addProduct(Product)
	{PUT [/products/{id}]}: updateProduct(long,Product)
	{DELETE [/products/{id}]}: deleteProduct(long)
	{GET [/products]}: getProduct(String)
	{GET [/products/{id}]}: getProduct(long)
2023-08-14 21:13:15,905 DEBUG org.springframework.web.servlet.handler.AbstractHandlerMethodMapping [main] 
	c.s.c.c.RepairController:
	{PATCH [/repairs/{id}]}: updateRepairPartially(long,Repair)
	{POST [/repairs]}: addRepair(Repair)
	{PUT [/repairs/{id}]}: updateRepair(long,Repair)
	{DELETE [/repairs/{id}]}: deleteRepair(long)
	{GET [/repairs]}: getRepair(String)
	{GET [/repairs/{id}]}: getRepair(long)
2023-08-14 21:13:15,906 DEBUG org.springframework.web.servlet.handler.AbstractHandlerMethodMapping [main] 
	c.s.c.c.TechnicianController:
	{PATCH [/technicians/{id}]}: updateTechnicianPartially(long,Technician)
	{POST [/technicians]}: addTechnician(Technician)
	{DELETE [/technicians/{id}]}: deleteTechnician(long)
	{GET [/technicians/{id}]}: getTechnician(long)
	{GET [/technicians]}: getTechnician(String)
	{PUT [/technicians/{id}]}: updateTechnician(long,Technician)
2023-08-14 21:13:15,908 DEBUG org.springframework.web.servlet.handler.AbstractHandlerMethodMapping [main] 
	o.s.b.a.w.s.e.BasicErrorController:
	{ [/error]}: error(HttpServletRequest)
	{ [/error], produces [text/html]}: errorHtml(HttpServletRequest,HttpServletResponse)
2023-08-14 21:13:15,915 DEBUG org.springframework.web.servlet.handler.AbstractDetectingUrlHandlerMapping [main] 'beanNameHandlerMapping' {}
2023-08-14 21:13:15,925 DEBUG org.springframework.web.servlet.handler.SimpleUrlHandlerMapping [main] 'resourceHandlerMapping' {/webjars/**=ResourceHttpRequestHandler [classpath [META-INF/resources/webjars/]], /**=ResourceHttpRequestHandler [classpath [META-INF/resources/], classpath [resources/], classpath [static/], classpath [public/], ServletContext [/]]}
2023-08-14 21:13:16,022 DEBUG org.springframework.web.servlet.handler.AbstractHandlerMethodMapping [main] 
	o.s.d.r.w.RepositoryController:
	{HEAD [/ || ], produces [application/hal+json || application/json || application/prs.hal-forms+json]}: headForRepositories()
	{OPTIONS [/ || ], produces [application/hal+json || application/json || application/prs.hal-forms+json]}: optionsForRepositories()
	{GET [/ || ], produces [application/hal+json || application/json || application/prs.hal-forms+json]}: listRepositories()
2023-08-14 21:13:16,024 DEBUG org.springframework.web.servlet.handler.AbstractHandlerMethodMapping [main] 
	o.s.d.r.w.RepositoryEntityController:
	{GET [/{repository}], produces [application/hal+json || application/json || application/prs.hal-forms+json]}: getCollectionResource(RootResourceInformation,DefaultedPageable,Sort,PersistentEntityResourceAssembler)
	{HEAD [/{repository}/{id}], produces [application/hal+json || application/json || application/prs.hal-forms+json]}: headForItemResource(RootResourceInformation,Serializable,PersistentEntityResourceAssembler)
	{OPTIONS [/{repository}/{id}], produces [application/hal+json || application/json || application/prs.hal-forms+json]}: optionsForItemResource(RootResourceInformation)
	{HEAD [/{repository}], produces [application/hal+json || application/json || application/prs.hal-forms+json]}: headCollectionResource(RootResourceInformation,DefaultedPageable)
	{POST [/{repository}], produces [application/hal+json || application/json || application/prs.hal-forms+json]}: postCollectionResource(RootResourceInformation,PersistentEntityResource,PersistentEntityResourceAssembler,String)
	{GET [/{repository}], produces [application/x-spring-data-compact+json || text/uri-list]}: getCollectionResourceCompact(RootResourceInformation,DefaultedPageable,Sort,PersistentEntityResourceAssembler)
	{OPTIONS [/{repository}], produces [application/hal+json || application/json || application/prs.hal-forms+json]}: optionsForCollectionResource(RootResourceInformation)
	{PUT [/{repository}/{id}], produces [application/hal+json || application/json || application/prs.hal-forms+json]}: putItemResource(RootResourceInformation,PersistentEntityResource,Serializable,PersistentEntityResourceAssembler,ETag,String)
	{DELETE [/{repository}/{id}], produces [application/hal+json || application/json || application/prs.hal-forms+json]}: deleteItemResource(RootResourceInformation,Serializable,ETag)
	{GET [/{repository}/{id}], produces [application/hal+json || application/json || application/prs.hal-forms+json]}: getItemResource(RootResourceInformation,Serializable,PersistentEntityResourceAssembler,HttpHeaders)
	{PATCH [/{repository}/{id}], produces [application/hal+json || application/json || application/prs.hal-forms+json]}: patchItemResource(RootResourceInformation,PersistentEntityResource,Serializable,PersistentEntityResourceAssembler,ETag,String)
2023-08-14 21:13:16,026 DEBUG org.springframework.web.servlet.handler.AbstractHandlerMethodMapping [main] 
	o.s.d.r.w.RepositoryPropertyReferenceController:
	{GET [/{repository}/{id}/{property}], produces [application/hal+json || application/json || application/prs.hal-forms+json]}: followPropertyReference(RootResourceInformation,Serializable,String,PersistentEntityResourceAssembler)
	{GET [/{repository}/{id}/{property}/{propertyId}], produces [application/hal+json || application/json || application/prs.hal-forms+json]}: followPropertyReference(RootResourceInformation,Serializable,String,String,PersistentEntityResourceAssembler)
	{GET [/{repository}/{id}/{property}], produces [text/uri-list]}: followPropertyReferenceCompact(RootResourceInformation,Serializable,String,HttpHeaders,PersistentEntityResourceAssembler)
	{DELETE [/{repository}/{id}/{property}/{propertyId}], produces [application/hal+json || application/json || application/prs.hal-forms+json]}: deletePropertyReferenceId(RootResourceInformation,Serializable,String,String)
	{DELETE [/{repository}/{id}/{property}], produces [application/hal+json || application/json || application/prs.hal-forms+json]}: deletePropertyReference(RootResourceInformation,Serializable,String)
	{[PATCH, PUT, POST] [/{repository}/{id}/{property}], consumes [application/json || application/x-spring-data-compact+json || text/uri-list], produces [application/hal+json || application/json || application/prs.hal-forms+json]}: createPropertyReference(RootResourceInformation,HttpMethod,CollectionModel,Serializable,String)
2023-08-14 21:13:16,028 DEBUG org.springframework.web.servlet.handler.AbstractHandlerMethodMapping [main] 
	o.s.d.r.w.RepositorySearchController:
	{GET [/{repository}/search/{search}], produces [application/x-spring-data-compact+json]}: executeSearchCompact(RootResourceInformation,HttpHeaders,MultiValueMap,String,String,DefaultedPageable,Sort,PersistentEntityResourceAssembler)
	{HEAD [/{repository}/search], produces [application/hal+json || application/json || application/prs.hal-forms+json]}: headForSearches(RootResourceInformation)
	{GET [/{repository}/search/{search}], produces [application/hal+json || application/json || application/prs.hal-forms+json]}: executeSearch(RootResourceInformation,MultiValueMap,String,DefaultedPageable,Sort,PersistentEntityResourceAssembler,HttpHeaders)
	{OPTIONS [/{repository}/search], produces [application/hal+json || application/json || application/prs.hal-forms+json]}: optionsForSearches(RootResourceInformation)
	{GET [/{repository}/search], produces [application/hal+json || application/json || application/prs.hal-forms+json]}: listSearches(RootResourceInformation)
	{HEAD [/{repository}/search/{search}], produces [application/hal+json || application/json || application/prs.hal-forms+json]}: headForSearch(RootResourceInformation,String)
	{OPTIONS [/{repository}/search/{search}], produces [application/hal+json || application/json || application/prs.hal-forms+json]}: optionsForSearch(RootResourceInformation,String)
2023-08-14 21:13:16,029 DEBUG org.springframework.web.servlet.handler.AbstractHandlerMethodMapping [main] 
	o.s.d.r.w.RepositorySchemaController:
	{GET [/profile/{repository}], produces [application/schema+json]}: schema(RootResourceInformation)
2023-08-14 21:13:16,030 DEBUG org.springframework.web.servlet.handler.AbstractHandlerMethodMapping [main] 
	o.s.d.r.w.a.AlpsController:
	{GET [/profile/{repository}], produces [application/alps+json || */*]}: descriptor(RootResourceInformation)
	{OPTIONS [/profile/{repository}], produces [application/alps+json]}: alpsOptions()
2023-08-14 21:13:16,030 DEBUG org.springframework.web.servlet.handler.AbstractHandlerMethodMapping [main] 
	o.s.d.r.w.ProfileController:
	{GET [/profile]}: listAllFormsOfMetadata()
	{OPTIONS [/profile]}: profileOptions()
2023-08-14 21:13:16,058 INFO org.apache.juli.logging.DirectJDKLog [main] Starting ProtocolHandler ["http-nio-8080"]
2023-08-14 21:13:16,073 INFO org.springframework.boot.StartupInfoLogger [main] Started CybershopApplication in 2.525 seconds (JVM running for 2.754)
2023-08-14 21:16:17,327 DEBUG org.jboss.logging.LoggerProviders [background-preinit] Logging Provider: org.jboss.logging.Log4j2LoggerProvider
2023-08-14 21:16:17,330 INFO org.springframework.boot.StartupInfoLogger [main] Starting CybershopApplication using Java 17.0.4.1 on DESKTOP-JPTMO4H with PID 25808 (C:\Users\Aussar\Documents\MisCursos\DAM\2022-2023\Acceso a datos\AA1\ActividadAprendizajeJoseRamonGimeno\cybershop\target\classes started by Aussar in C:\Users\Aussar\Documents\MisCursos\DAM\2022-2023\Acceso a datos\AA1\ActividadAprendizajeJoseRamonGimeno\cybershop)
2023-08-14 21:16:17,331 DEBUG org.springframework.boot.StartupInfoLogger [main] Running with Spring Boot v2.7.7, Spring v5.3.24
2023-08-14 21:16:17,332 INFO org.springframework.boot.SpringApplication [main] No active profile set, falling back to 1 default profile: "default"
2023-08-14 21:16:17,996 INFO org.apache.juli.logging.DirectJDKLog [main] Initializing ProtocolHandler ["http-nio-8080"]
2023-08-14 21:16:17,997 INFO org.apache.juli.logging.DirectJDKLog [main] Starting service [Tomcat]
2023-08-14 21:16:17,997 INFO org.apache.juli.logging.DirectJDKLog [main] Starting Servlet engine: [Apache Tomcat/9.0.70]
2023-08-14 21:16:18,048 INFO org.apache.juli.logging.DirectJDKLog [main] Initializing Spring embedded WebApplicationContext
2023-08-14 21:16:18,102 DEBUG com.zaxxer.hikari.HikariConfig [main] Driver class com.mysql.cj.jdbc.Driver found in Thread context class loader jdk.internal.loader.ClassLoaders$AppClassLoader@73d16e93
2023-08-14 21:16:18,302 DEBUG com.zaxxer.hikari.HikariConfig [main] HikariPool-1 - configuration:
2023-08-14 21:16:18,303 DEBUG com.zaxxer.hikari.HikariConfig [main] allowPoolSuspension................................false
2023-08-14 21:16:18,304 DEBUG com.zaxxer.hikari.HikariConfig [main] autoCommit................................true
2023-08-14 21:16:18,304 DEBUG com.zaxxer.hikari.HikariConfig [main] catalog................................none
2023-08-14 21:16:18,304 DEBUG com.zaxxer.hikari.HikariConfig [main] connectionInitSql................................none
2023-08-14 21:16:18,304 DEBUG com.zaxxer.hikari.HikariConfig [main] connectionTestQuery................................none
2023-08-14 21:16:18,304 DEBUG com.zaxxer.hikari.HikariConfig [main] connectionTimeout................................30000
2023-08-14 21:16:18,305 DEBUG com.zaxxer.hikari.HikariConfig [main] dataSource................................none
2023-08-14 21:16:18,305 DEBUG com.zaxxer.hikari.HikariConfig [main] dataSourceClassName................................none
2023-08-14 21:16:18,305 DEBUG com.zaxxer.hikari.HikariConfig [main] dataSourceJNDI................................none
2023-08-14 21:16:18,305 DEBUG com.zaxxer.hikari.HikariConfig [main] dataSourceProperties................................{password=<masked>}
2023-08-14 21:16:18,305 DEBUG com.zaxxer.hikari.HikariConfig [main] driverClassName................................"com.mysql.cj.jdbc.Driver"
2023-08-14 21:16:18,305 DEBUG com.zaxxer.hikari.HikariConfig [main] exceptionOverrideClassName................................none
2023-08-14 21:16:18,306 DEBUG com.zaxxer.hikari.HikariConfig [main] healthCheckProperties................................{}
2023-08-14 21:16:18,306 DEBUG com.zaxxer.hikari.HikariConfig [main] healthCheckRegistry................................none
2023-08-14 21:16:18,306 DEBUG com.zaxxer.hikari.HikariConfig [main] idleTimeout................................600000
2023-08-14 21:16:18,307 DEBUG com.zaxxer.hikari.HikariConfig [main] initializationFailTimeout................................1
2023-08-14 21:16:18,307 DEBUG com.zaxxer.hikari.HikariConfig [main] isolateInternalQueries................................false
2023-08-14 21:16:18,307 DEBUG com.zaxxer.hikari.HikariConfig [main] jdbcUrl................................jdbc:mysql://localhost:3306/cybershop
2023-08-14 21:16:18,307 DEBUG com.zaxxer.hikari.HikariConfig [main] keepaliveTime................................0
2023-08-14 21:16:18,307 DEBUG com.zaxxer.hikari.HikariConfig [main] leakDetectionThreshold................................0
2023-08-14 21:16:18,308 DEBUG com.zaxxer.hikari.HikariConfig [main] maxLifetime................................1800000
2023-08-14 21:16:18,308 DEBUG com.zaxxer.hikari.HikariConfig [main] maximumPoolSize................................10
2023-08-14 21:16:18,308 DEBUG com.zaxxer.hikari.HikariConfig [main] metricRegistry................................none
2023-08-14 21:16:18,308 DEBUG com.zaxxer.hikari.HikariConfig [main] metricsTrackerFactory................................none
2023-08-14 21:16:18,309 DEBUG com.zaxxer.hikari.HikariConfig [main] minimumIdle................................10
2023-08-14 21:16:18,309 DEBUG com.zaxxer.hikari.HikariConfig [main] password................................<masked>
2023-08-14 21:16:18,309 DEBUG com.zaxxer.hikari.HikariConfig [main] poolName................................"HikariPool-1"
2023-08-14 21:16:18,309 DEBUG com.zaxxer.hikari.HikariConfig [main] readOnly................................false
2023-08-14 21:16:18,309 DEBUG com.zaxxer.hikari.HikariConfig [main] registerMbeans................................false
2023-08-14 21:16:18,309 DEBUG com.zaxxer.hikari.HikariConfig [main] scheduledExecutor................................none
2023-08-14 21:16:18,310 DEBUG com.zaxxer.hikari.HikariConfig [main] schema................................none
2023-08-14 21:16:18,310 DEBUG com.zaxxer.hikari.HikariConfig [main] threadFactory................................internal
2023-08-14 21:16:18,310 DEBUG com.zaxxer.hikari.HikariConfig [main] transactionIsolation................................default
2023-08-14 21:16:18,310 DEBUG com.zaxxer.hikari.HikariConfig [main] username................................"cyberuser"
2023-08-14 21:16:18,310 DEBUG com.zaxxer.hikari.HikariConfig [main] validationTimeout................................5000
2023-08-14 21:16:18,310 INFO com.zaxxer.hikari.HikariDataSource [main] HikariPool-1 - Starting...
2023-08-14 21:16:18,463 DEBUG com.zaxxer.hikari.pool.HikariPool [main] HikariPool-1 - Added connection com.mysql.cj.jdbc.ConnectionImpl@5dfd31f4
2023-08-14 21:16:18,464 INFO com.zaxxer.hikari.HikariDataSource [main] HikariPool-1 - Start completed.
2023-08-14 21:16:18,565 DEBUG com.zaxxer.hikari.pool.HikariPool [HikariPool-1 housekeeper] HikariPool-1 - Pool stats (total=1, active=0, idle=1, waiting=0)
2023-08-14 21:16:18,576 DEBUG com.zaxxer.hikari.pool.HikariPool$PoolEntryCreator [HikariPool-1 connection adder] HikariPool-1 - Added connection com.mysql.cj.jdbc.ConnectionImpl@56309351
2023-08-14 21:16:18,588 DEBUG com.zaxxer.hikari.pool.HikariPool$PoolEntryCreator [HikariPool-1 connection adder] HikariPool-1 - Added connection com.mysql.cj.jdbc.ConnectionImpl@361f6c1e
2023-08-14 21:16:18,600 DEBUG com.zaxxer.hikari.pool.HikariPool$PoolEntryCreator [HikariPool-1 connection adder] HikariPool-1 - Added connection com.mysql.cj.jdbc.ConnectionImpl@25d0a6b5
2023-08-14 21:16:18,608 DEBUG com.zaxxer.hikari.pool.HikariPool$PoolEntryCreator [HikariPool-1 connection adder] HikariPool-1 - Added connection com.mysql.cj.jdbc.ConnectionImpl@3251b6a8
2023-08-14 21:16:18,616 DEBUG com.zaxxer.hikari.pool.HikariPool$PoolEntryCreator [HikariPool-1 connection adder] HikariPool-1 - Added connection com.mysql.cj.jdbc.ConnectionImpl@7682a841
2023-08-14 21:16:18,623 DEBUG com.zaxxer.hikari.pool.HikariPool$PoolEntryCreator [HikariPool-1 connection adder] HikariPool-1 - Added connection com.mysql.cj.jdbc.ConnectionImpl@2c096909
2023-08-14 21:16:18,631 DEBUG com.zaxxer.hikari.pool.HikariPool$PoolEntryCreator [HikariPool-1 connection adder] HikariPool-1 - Added connection com.mysql.cj.jdbc.ConnectionImpl@44f52998
2023-08-14 21:16:18,638 DEBUG com.zaxxer.hikari.pool.HikariPool$PoolEntryCreator [HikariPool-1 connection adder] HikariPool-1 - Added connection com.mysql.cj.jdbc.ConnectionImpl@3c6946c9
2023-08-14 21:16:18,646 DEBUG com.zaxxer.hikari.pool.HikariPool$PoolEntryCreator [HikariPool-1 connection adder] HikariPool-1 - Added connection com.mysql.cj.jdbc.ConnectionImpl@68b921df
2023-08-14 21:16:18,646 DEBUG com.zaxxer.hikari.pool.HikariPool [HikariPool-1 connection adder] HikariPool-1 - After adding stats (total=10, active=0, idle=10, waiting=0)
2023-08-14 21:16:19,147 WARN org.springframework.boot.autoconfigure.orm.jpa.JpaBaseConfiguration$JpaWebConfiguration [main] spring.jpa.open-in-view is enabled by default. Therefore, database queries may be performed during view rendering. Explicitly configure spring.jpa.open-in-view to disable this warning
2023-08-14 21:16:19,364 DEBUG org.springframework.web.servlet.handler.AbstractHandlerMethodMapping [main] 
	c.s.c.c.ClientController:
	{PATCH [/clients/{id}]}: updateClientPartially(long,Client)
	{POST [/clients]}: addClient(Client)
	{DELETE [/clients/{id}]}: deleteClient(long)
	{GET [/clients/{id}]}: getClient(long)
	{GET [/clients]}: getClients(String)
	{PUT [/clients/{id}]}: updateClient(long,Client)
2023-08-14 21:16:19,366 DEBUG org.springframework.web.servlet.handler.AbstractHandlerMethodMapping [main] 
	c.s.c.c.DiscountController:
	{PATCH [/discounts/{id}]}: updateDiscountPartially(long,Discount)
	{GET [/discounts]}: getDiscount(String)
	{GET [/discounts/{id}]}: getDiscount(long)
	{POST [/discounts]}: addDiscount(Discount)
	{PUT [/discounts/{id}]}: updateDiscount(long,Discount)
	{DELETE [/discounts/{id}]}: deleteDiscount(long)
2023-08-14 21:16:19,367 DEBUG org.springframework.web.servlet.handler.AbstractHandlerMethodMapping [main] 
	c.s.c.c.ProductController:
	{PATCH [/products/{id}]}: updateProductPartially(long,Product)
	{POST [/products]}: addProduct(Product)
	{DELETE [/products/{id}]}: deleteProduct(long)
	{GET [/products]}: getProduct(String)
	{GET [/products/{id}]}: getProduct(long)
	{PUT [/products/{id}]}: updateProduct(long,Product)
2023-08-14 21:16:19,368 DEBUG org.springframework.web.servlet.handler.AbstractHandlerMethodMapping [main] 
	c.s.c.c.RepairController:
	{PATCH [/repairs/{id}]}: updateRepairPartially(long,Repair)
	{POST [/repairs]}: addRepair(Repair)
	{DELETE [/repairs/{id}]}: deleteRepair(long)
	{PUT [/repairs/{id}]}: updateRepair(long,Repair)
	{GET [/repairs/{id}]}: getRepair(long)
	{GET [/repairs]}: getRepair(String)
2023-08-14 21:16:19,369 DEBUG org.springframework.web.servlet.handler.AbstractHandlerMethodMapping [main] 
	c.s.c.c.TechnicianController:
	{PATCH [/technicians/{id}]}: updateTechnicianPartially(long,Technician)
	{POST [/technicians]}: addTechnician(Technician)
	{DELETE [/technicians/{id}]}: deleteTechnician(long)
	{GET [/technicians/{id}]}: getTechnician(long)
	{GET [/technicians]}: getTechnician(String)
	{PUT [/technicians/{id}]}: updateTechnician(long,Technician)
2023-08-14 21:16:19,371 DEBUG org.springframework.web.servlet.handler.AbstractHandlerMethodMapping [main] 
	o.s.b.a.w.s.e.BasicErrorController:
	{ [/error]}: error(HttpServletRequest)
	{ [/error], produces [text/html]}: errorHtml(HttpServletRequest,HttpServletResponse)
2023-08-14 21:16:19,380 DEBUG org.springframework.web.servlet.handler.AbstractDetectingUrlHandlerMapping [main] 'beanNameHandlerMapping' {}
2023-08-14 21:16:19,390 DEBUG org.springframework.web.servlet.handler.SimpleUrlHandlerMapping [main] 'resourceHandlerMapping' {/webjars/**=ResourceHttpRequestHandler [classpath [META-INF/resources/webjars/]], /**=ResourceHttpRequestHandler [classpath [META-INF/resources/], classpath [resources/], classpath [static/], classpath [public/], ServletContext [/]]}
2023-08-14 21:16:19,481 DEBUG org.springframework.web.servlet.handler.AbstractHandlerMethodMapping [main] 
	o.s.d.r.w.RepositoryController:
	{HEAD [/ || ], produces [application/hal+json || application/json || application/prs.hal-forms+json]}: headForRepositories()
	{OPTIONS [/ || ], produces [application/hal+json || application/json || application/prs.hal-forms+json]}: optionsForRepositories()
	{GET [/ || ], produces [application/hal+json || application/json || application/prs.hal-forms+json]}: listRepositories()
2023-08-14 21:16:19,482 DEBUG org.springframework.web.servlet.handler.AbstractHandlerMethodMapping [main] 
	o.s.d.r.w.RepositoryEntityController:
	{GET [/{repository}], produces [application/x-spring-data-compact+json || text/uri-list]}: getCollectionResourceCompact(RootResourceInformation,DefaultedPageable,Sort,PersistentEntityResourceAssembler)
	{GET [/{repository}], produces [application/hal+json || application/json || application/prs.hal-forms+json]}: getCollectionResource(RootResourceInformation,DefaultedPageable,Sort,PersistentEntityResourceAssembler)
	{POST [/{repository}], produces [application/hal+json || application/json || application/prs.hal-forms+json]}: postCollectionResource(RootResourceInformation,PersistentEntityResource,PersistentEntityResourceAssembler,String)
	{HEAD [/{repository}/{id}], produces [application/hal+json || application/json || application/prs.hal-forms+json]}: headForItemResource(RootResourceInformation,Serializable,PersistentEntityResourceAssembler)
	{OPTIONS [/{repository}/{id}], produces [application/hal+json || application/json || application/prs.hal-forms+json]}: optionsForItemResource(RootResourceInformation)
	{HEAD [/{repository}], produces [application/hal+json || application/json || application/prs.hal-forms+json]}: headCollectionResource(RootResourceInformation,DefaultedPageable)
	{OPTIONS [/{repository}], produces [application/hal+json || application/json || application/prs.hal-forms+json]}: optionsForCollectionResource(RootResourceInformation)
	{GET [/{repository}/{id}], produces [application/hal+json || application/json || application/prs.hal-forms+json]}: getItemResource(RootResourceInformation,Serializable,PersistentEntityResourceAssembler,HttpHeaders)
	{PUT [/{repository}/{id}], produces [application/hal+json || application/json || application/prs.hal-forms+json]}: putItemResource(RootResourceInformation,PersistentEntityResource,Serializable,PersistentEntityResourceAssembler,ETag,String)
	{PATCH [/{repository}/{id}], produces [application/hal+json || application/json || application/prs.hal-forms+json]}: patchItemResource(RootResourceInformation,PersistentEntityResource,Serializable,PersistentEntityResourceAssembler,ETag,String)
	{DELETE [/{repository}/{id}], produces [application/hal+json || application/json || application/prs.hal-forms+json]}: deleteItemResource(RootResourceInformation,Serializable,ETag)
2023-08-14 21:16:19,484 DEBUG org.springframework.web.servlet.handler.AbstractHandlerMethodMapping [main] 
	o.s.d.r.w.RepositoryPropertyReferenceController:
	{GET [/{repository}/{id}/{property}], produces [application/hal+json || application/json || application/prs.hal-forms+json]}: followPropertyReference(RootResourceInformation,Serializable,String,PersistentEntityResourceAssembler)
	{GET [/{repository}/{id}/{property}/{propertyId}], produces [application/hal+json || application/json || application/prs.hal-forms+json]}: followPropertyReference(RootResourceInformation,Serializable,String,String,PersistentEntityResourceAssembler)
	{DELETE [/{repository}/{id}/{property}/{propertyId}], produces [application/hal+json || application/json || application/prs.hal-forms+json]}: deletePropertyReferenceId(RootResourceInformation,Serializable,String,String)
	{GET [/{repository}/{id}/{property}], produces [text/uri-list]}: followPropertyReferenceCompact(RootResourceInformation,Serializable,String,HttpHeaders,PersistentEntityResourceAssembler)
	{[PATCH, PUT, POST] [/{repository}/{id}/{property}], consumes [application/json || application/x-spring-data-compact+json || text/uri-list], produces [application/hal+json || application/json || application/prs.hal-forms+json]}: createPropertyReference(RootResourceInformation,HttpMethod,CollectionModel,Serializable,String)
	{DELETE [/{repository}/{id}/{property}], produces [application/hal+json || application/json || application/prs.hal-forms+json]}: deletePropertyReference(RootResourceInformation,Serializable,String)
2023-08-14 21:16:19,486 DEBUG org.springframework.web.servlet.handler.AbstractHandlerMethodMapping [main] 
	o.s.d.r.w.RepositorySearchController:
	{GET [/{repository}/search/{search}], produces [application/x-spring-data-compact+json]}: executeSearchCompact(RootResourceInformation,HttpHeaders,MultiValueMap,String,String,DefaultedPageable,Sort,PersistentEntityResourceAssembler)
	{HEAD [/{repository}/search], produces [application/hal+json || application/json || application/prs.hal-forms+json]}: headForSearches(RootResourceInformation)
	{OPTIONS [/{repository}/search], produces [application/hal+json || application/json || application/prs.hal-forms+json]}: optionsForSearches(RootResourceInformation)
	{GET [/{repository}/search], produces [application/hal+json || application/json || application/prs.hal-forms+json]}: listSearches(RootResourceInformation)
	{GET [/{repository}/search/{search}], produces [application/hal+json || application/json || application/prs.hal-forms+json]}: executeSearch(RootResourceInformation,MultiValueMap,String,DefaultedPageable,Sort,PersistentEntityResourceAssembler,HttpHeaders)
	{OPTIONS [/{repository}/search/{search}], produces [application/hal+json || application/json || application/prs.hal-forms+json]}: optionsForSearch(RootResourceInformation,String)
	{HEAD [/{repository}/search/{search}], produces [application/hal+json || application/json || application/prs.hal-forms+json]}: headForSearch(RootResourceInformation,String)
2023-08-14 21:16:19,487 DEBUG org.springframework.web.servlet.handler.AbstractHandlerMethodMapping [main] 
	o.s.d.r.w.RepositorySchemaController:
	{GET [/profile/{repository}], produces [application/schema+json]}: schema(RootResourceInformation)
2023-08-14 21:16:19,488 DEBUG org.springframework.web.servlet.handler.AbstractHandlerMethodMapping [main] 
	o.s.d.r.w.a.AlpsController:
	{GET [/profile/{repository}], produces [application/alps+json || */*]}: descriptor(RootResourceInformation)
	{OPTIONS [/profile/{repository}], produces [application/alps+json]}: alpsOptions()
2023-08-14 21:16:19,488 DEBUG org.springframework.web.servlet.handler.AbstractHandlerMethodMapping [main] 
	o.s.d.r.w.ProfileController:
	{GET [/profile]}: listAllFormsOfMetadata()
	{OPTIONS [/profile]}: profileOptions()
2023-08-14 21:16:19,512 INFO org.apache.juli.logging.DirectJDKLog [main] Starting ProtocolHandler ["http-nio-8080"]
2023-08-14 21:16:19,527 INFO org.springframework.boot.StartupInfoLogger [main] Started CybershopApplication in 2.392 seconds (JVM running for 2.61)
2023-08-14 21:24:25,268 DEBUG org.jboss.logging.LoggerProviders [background-preinit] Logging Provider: org.jboss.logging.Log4j2LoggerProvider
2023-08-14 21:24:25,273 INFO org.springframework.boot.StartupInfoLogger [main] Starting CybershopApplication using Java 17.0.4.1 on DESKTOP-JPTMO4H with PID 32416 (C:\Users\Aussar\Documents\MisCursos\DAM\2022-2023\Acceso a datos\AA1\ActividadAprendizajeJoseRamonGimeno\cybershop\target\classes started by Aussar in C:\Users\Aussar\Documents\MisCursos\DAM\2022-2023\Acceso a datos\AA1\ActividadAprendizajeJoseRamonGimeno\cybershop)
2023-08-14 21:24:25,274 DEBUG org.springframework.boot.StartupInfoLogger [main] Running with Spring Boot v2.7.7, Spring v5.3.24
2023-08-14 21:24:25,274 INFO org.springframework.boot.SpringApplication [main] No active profile set, falling back to 1 default profile: "default"
2023-08-14 21:24:25,940 INFO org.apache.juli.logging.DirectJDKLog [main] Initializing ProtocolHandler ["http-nio-8080"]
2023-08-14 21:24:25,940 INFO org.apache.juli.logging.DirectJDKLog [main] Starting service [Tomcat]
2023-08-14 21:24:25,941 INFO org.apache.juli.logging.DirectJDKLog [main] Starting Servlet engine: [Apache Tomcat/9.0.70]
2023-08-14 21:24:25,993 INFO org.apache.juli.logging.DirectJDKLog [main] Initializing Spring embedded WebApplicationContext
2023-08-14 21:24:26,045 DEBUG com.zaxxer.hikari.HikariConfig [main] Driver class com.mysql.cj.jdbc.Driver found in Thread context class loader jdk.internal.loader.ClassLoaders$AppClassLoader@73d16e93
2023-08-14 21:24:26,241 DEBUG com.zaxxer.hikari.HikariConfig [main] HikariPool-1 - configuration:
2023-08-14 21:24:26,242 DEBUG com.zaxxer.hikari.HikariConfig [main] allowPoolSuspension................................false
2023-08-14 21:24:26,242 DEBUG com.zaxxer.hikari.HikariConfig [main] autoCommit................................true
2023-08-14 21:24:26,243 DEBUG com.zaxxer.hikari.HikariConfig [main] catalog................................none
2023-08-14 21:24:26,243 DEBUG com.zaxxer.hikari.HikariConfig [main] connectionInitSql................................none
2023-08-14 21:24:26,243 DEBUG com.zaxxer.hikari.HikariConfig [main] connectionTestQuery................................none
2023-08-14 21:24:26,243 DEBUG com.zaxxer.hikari.HikariConfig [main] connectionTimeout................................30000
2023-08-14 21:24:26,244 DEBUG com.zaxxer.hikari.HikariConfig [main] dataSource................................none
2023-08-14 21:24:26,244 DEBUG com.zaxxer.hikari.HikariConfig [main] dataSourceClassName................................none
2023-08-14 21:24:26,244 DEBUG com.zaxxer.hikari.HikariConfig [main] dataSourceJNDI................................none
2023-08-14 21:24:26,244 DEBUG com.zaxxer.hikari.HikariConfig [main] dataSourceProperties................................{password=<masked>}
2023-08-14 21:24:26,244 DEBUG com.zaxxer.hikari.HikariConfig [main] driverClassName................................"com.mysql.cj.jdbc.Driver"
2023-08-14 21:24:26,244 DEBUG com.zaxxer.hikari.HikariConfig [main] exceptionOverrideClassName................................none
2023-08-14 21:24:26,244 DEBUG com.zaxxer.hikari.HikariConfig [main] healthCheckProperties................................{}
2023-08-14 21:24:26,245 DEBUG com.zaxxer.hikari.HikariConfig [main] healthCheckRegistry................................none
2023-08-14 21:24:26,245 DEBUG com.zaxxer.hikari.HikariConfig [main] idleTimeout................................600000
2023-08-14 21:24:26,245 DEBUG com.zaxxer.hikari.HikariConfig [main] initializationFailTimeout................................1
2023-08-14 21:24:26,245 DEBUG com.zaxxer.hikari.HikariConfig [main] isolateInternalQueries................................false
2023-08-14 21:24:26,245 DEBUG com.zaxxer.hikari.HikariConfig [main] jdbcUrl................................jdbc:mysql://localhost:3306/cybershop
2023-08-14 21:24:26,246 DEBUG com.zaxxer.hikari.HikariConfig [main] keepaliveTime................................0
2023-08-14 21:24:26,246 DEBUG com.zaxxer.hikari.HikariConfig [main] leakDetectionThreshold................................0
2023-08-14 21:24:26,246 DEBUG com.zaxxer.hikari.HikariConfig [main] maxLifetime................................1800000
2023-08-14 21:24:26,246 DEBUG com.zaxxer.hikari.HikariConfig [main] maximumPoolSize................................10
2023-08-14 21:24:26,246 DEBUG com.zaxxer.hikari.HikariConfig [main] metricRegistry................................none
2023-08-14 21:24:26,246 DEBUG com.zaxxer.hikari.HikariConfig [main] metricsTrackerFactory................................none
2023-08-14 21:24:26,247 DEBUG com.zaxxer.hikari.HikariConfig [main] minimumIdle................................10
2023-08-14 21:24:26,247 DEBUG com.zaxxer.hikari.HikariConfig [main] password................................<masked>
2023-08-14 21:24:26,247 DEBUG com.zaxxer.hikari.HikariConfig [main] poolName................................"HikariPool-1"
2023-08-14 21:24:26,247 DEBUG com.zaxxer.hikari.HikariConfig [main] readOnly................................false
2023-08-14 21:24:26,247 DEBUG com.zaxxer.hikari.HikariConfig [main] registerMbeans................................false
2023-08-14 21:24:26,247 DEBUG com.zaxxer.hikari.HikariConfig [main] scheduledExecutor................................none
2023-08-14 21:24:26,247 DEBUG com.zaxxer.hikari.HikariConfig [main] schema................................none
2023-08-14 21:24:26,247 DEBUG com.zaxxer.hikari.HikariConfig [main] threadFactory................................internal
2023-08-14 21:24:26,247 DEBUG com.zaxxer.hikari.HikariConfig [main] transactionIsolation................................default
2023-08-14 21:24:26,247 DEBUG com.zaxxer.hikari.HikariConfig [main] username................................"cyberuser"
2023-08-14 21:24:26,247 DEBUG com.zaxxer.hikari.HikariConfig [main] validationTimeout................................5000
2023-08-14 21:24:26,247 INFO com.zaxxer.hikari.HikariDataSource [main] HikariPool-1 - Starting...
2023-08-14 21:24:26,394 DEBUG com.zaxxer.hikari.pool.HikariPool [main] HikariPool-1 - Added connection com.mysql.cj.jdbc.ConnectionImpl@577bfadb
2023-08-14 21:24:26,395 INFO com.zaxxer.hikari.HikariDataSource [main] HikariPool-1 - Start completed.
2023-08-14 21:24:26,503 DEBUG com.zaxxer.hikari.pool.HikariPool [HikariPool-1 housekeeper] HikariPool-1 - Pool stats (total=1, active=0, idle=1, waiting=0)
2023-08-14 21:24:26,519 DEBUG com.zaxxer.hikari.pool.HikariPool$PoolEntryCreator [HikariPool-1 connection adder] HikariPool-1 - Added connection com.mysql.cj.jdbc.ConnectionImpl@7e9731a2
2023-08-14 21:24:26,530 DEBUG com.zaxxer.hikari.pool.HikariPool$PoolEntryCreator [HikariPool-1 connection adder] HikariPool-1 - Added connection com.mysql.cj.jdbc.ConnectionImpl@1eb8ceed
2023-08-14 21:24:26,540 DEBUG com.zaxxer.hikari.pool.HikariPool$PoolEntryCreator [HikariPool-1 connection adder] HikariPool-1 - Added connection com.mysql.cj.jdbc.ConnectionImpl@34802acf
2023-08-14 21:24:26,550 DEBUG com.zaxxer.hikari.pool.HikariPool$PoolEntryCreator [HikariPool-1 connection adder] HikariPool-1 - Added connection com.mysql.cj.jdbc.ConnectionImpl@1af634f4
2023-08-14 21:24:26,563 DEBUG com.zaxxer.hikari.pool.HikariPool$PoolEntryCreator [HikariPool-1 connection adder] HikariPool-1 - Added connection com.mysql.cj.jdbc.ConnectionImpl@5a5f50e
2023-08-14 21:24:26,572 DEBUG com.zaxxer.hikari.pool.HikariPool$PoolEntryCreator [HikariPool-1 connection adder] HikariPool-1 - Added connection com.mysql.cj.jdbc.ConnectionImpl@66d93a40
2023-08-14 21:24:26,579 DEBUG com.zaxxer.hikari.pool.HikariPool$PoolEntryCreator [HikariPool-1 connection adder] HikariPool-1 - Added connection com.mysql.cj.jdbc.ConnectionImpl@32e69df0
2023-08-14 21:24:26,586 DEBUG com.zaxxer.hikari.pool.HikariPool$PoolEntryCreator [HikariPool-1 connection adder] HikariPool-1 - Added connection com.mysql.cj.jdbc.ConnectionImpl@24766b78
2023-08-14 21:24:26,593 DEBUG com.zaxxer.hikari.pool.HikariPool$PoolEntryCreator [HikariPool-1 connection adder] HikariPool-1 - Added connection com.mysql.cj.jdbc.ConnectionImpl@2a4a7a1e
2023-08-14 21:24:26,593 DEBUG com.zaxxer.hikari.pool.HikariPool [HikariPool-1 connection adder] HikariPool-1 - After adding stats (total=10, active=0, idle=10, waiting=0)
2023-08-14 21:24:27,118 WARN org.springframework.boot.autoconfigure.orm.jpa.JpaBaseConfiguration$JpaWebConfiguration [main] spring.jpa.open-in-view is enabled by default. Therefore, database queries may be performed during view rendering. Explicitly configure spring.jpa.open-in-view to disable this warning
2023-08-14 21:24:27,333 DEBUG org.springframework.web.servlet.handler.AbstractHandlerMethodMapping [main] 
	c.s.c.c.ClientController:
	{PUT [/clients/{id}]}: updateClient(long,Client)
	{DELETE [/clients/{id}]}: deleteClient(long)
	{GET [/clients]}: getClients(String)
	{POST [/clients]}: addClient(Client)
	{GET [/clients/{id}]}: getClient(long)
	{PATCH [/clients/{id}]}: updateClientPartially(long,Client)
2023-08-14 21:24:27,335 DEBUG org.springframework.web.servlet.handler.AbstractHandlerMethodMapping [main] 
	c.s.c.c.DiscountController:
	{POST [/discounts]}: addDiscount(Discount)
	{DELETE [/discounts/{id}]}: deleteDiscount(long)
	{PUT [/discounts/{id}]}: updateDiscount(long,Discount)
	{GET [/discounts/{id}]}: getDiscount(long)
	{GET [/discounts]}: getDiscount(String)
	{PATCH [/discounts/{id}]}: updateDiscountPartially(long,Discount)
2023-08-14 21:24:27,336 DEBUG org.springframework.web.servlet.handler.AbstractHandlerMethodMapping [main] 
	c.s.c.c.ProductController:
	{PUT [/products/{id}]}: updateProduct(long,Product)
	{GET [/products/{id}]}: getProduct(long)
	{GET [/products]}: getProduct(String)
	{DELETE [/products/{id}]}: deleteProduct(long)
	{POST [/products]}: addProduct(Product)
	{PATCH [/products/{id}]}: updateProductPartially(long,Product)
2023-08-14 21:24:27,337 DEBUG org.springframework.web.servlet.handler.AbstractHandlerMethodMapping [main] 
	c.s.c.c.RepairController:
	{PUT [/repairs/{id}]}: updateRepair(long,Repair)
	{GET [/repairs/{id}]}: getRepair(long)
	{GET [/repairs]}: getRepair(String)
	{DELETE [/repairs/{id}]}: deleteRepair(long)
	{POST [/repairs]}: addRepair(Repair)
	{PATCH [/repairs/{id}]}: updateRepairPartially(long,Repair)
2023-08-14 21:24:27,337 DEBUG org.springframework.web.servlet.handler.AbstractHandlerMethodMapping [main] 
	c.s.c.c.TechnicianController:
	{PUT [/technicians/{id}]}: updateTechnician(long,Technician)
	{POST [/technicians]}: addTechnician(Technician)
	{DELETE [/technicians/{id}]}: deleteTechnician(long)
	{GET [/technicians]}: getTechnician(String)
	{GET [/technicians/{id}]}: getTechnician(long)
	{PATCH [/technicians/{id}]}: updateTechnicianPartially(long,Technician)
2023-08-14 21:24:27,339 DEBUG org.springframework.web.servlet.handler.AbstractHandlerMethodMapping [main] 
	o.s.b.a.w.s.e.BasicErrorController:
	{ [/error]}: error(HttpServletRequest)
	{ [/error], produces [text/html]}: errorHtml(HttpServletRequest,HttpServletResponse)
2023-08-14 21:24:27,346 DEBUG org.springframework.web.servlet.handler.AbstractDetectingUrlHandlerMapping [main] 'beanNameHandlerMapping' {}
2023-08-14 21:24:27,355 DEBUG org.springframework.web.servlet.handler.SimpleUrlHandlerMapping [main] 'resourceHandlerMapping' {/webjars/**=ResourceHttpRequestHandler [classpath [META-INF/resources/webjars/]], /**=ResourceHttpRequestHandler [classpath [META-INF/resources/], classpath [resources/], classpath [static/], classpath [public/], ServletContext [/]]}
2023-08-14 21:24:27,451 DEBUG org.springframework.web.servlet.handler.AbstractHandlerMethodMapping [main] 
	o.s.d.r.w.RepositoryController:
	{OPTIONS [/ || ], produces [application/hal+json || application/json || application/prs.hal-forms+json]}: optionsForRepositories()
	{HEAD [/ || ], produces [application/hal+json || application/json || application/prs.hal-forms+json]}: headForRepositories()
	{GET [/ || ], produces [application/hal+json || application/json || application/prs.hal-forms+json]}: listRepositories()
2023-08-14 21:24:27,453 DEBUG org.springframework.web.servlet.handler.AbstractHandlerMethodMapping [main] 
	o.s.d.r.w.RepositoryEntityController:
	{GET [/{repository}], produces [application/x-spring-data-compact+json || text/uri-list]}: getCollectionResourceCompact(RootResourceInformation,DefaultedPageable,Sort,PersistentEntityResourceAssembler)
	{OPTIONS [/{repository}], produces [application/hal+json || application/json || application/prs.hal-forms+json]}: optionsForCollectionResource(RootResourceInformation)
	{OPTIONS [/{repository}/{id}], produces [application/hal+json || application/json || application/prs.hal-forms+json]}: optionsForItemResource(RootResourceInformation)
	{HEAD [/{repository}/{id}], produces [application/hal+json || application/json || application/prs.hal-forms+json]}: headForItemResource(RootResourceInformation,Serializable,PersistentEntityResourceAssembler)
	{POST [/{repository}], produces [application/hal+json || application/json || application/prs.hal-forms+json]}: postCollectionResource(RootResourceInformation,PersistentEntityResource,PersistentEntityResourceAssembler,String)
	{HEAD [/{repository}], produces [application/hal+json || application/json || application/prs.hal-forms+json]}: headCollectionResource(RootResourceInformation,DefaultedPageable)
	{GET [/{repository}], produces [application/hal+json || application/json || application/prs.hal-forms+json]}: getCollectionResource(RootResourceInformation,DefaultedPageable,Sort,PersistentEntityResourceAssembler)
	{PUT [/{repository}/{id}], produces [application/hal+json || application/json || application/prs.hal-forms+json]}: putItemResource(RootResourceInformation,PersistentEntityResource,Serializable,PersistentEntityResourceAssembler,ETag,String)
	{DELETE [/{repository}/{id}], produces [application/hal+json || application/json || application/prs.hal-forms+json]}: deleteItemResource(RootResourceInformation,Serializable,ETag)
	{PATCH [/{repository}/{id}], produces [application/hal+json || application/json || application/prs.hal-forms+json]}: patchItemResource(RootResourceInformation,PersistentEntityResource,Serializable,PersistentEntityResourceAssembler,ETag,String)
	{GET [/{repository}/{id}], produces [application/hal+json || application/json || application/prs.hal-forms+json]}: getItemResource(RootResourceInformation,Serializable,PersistentEntityResourceAssembler,HttpHeaders)
2023-08-14 21:24:27,455 DEBUG org.springframework.web.servlet.handler.AbstractHandlerMethodMapping [main] 
	o.s.d.r.w.RepositoryPropertyReferenceController:
	{DELETE [/{repository}/{id}/{property}/{propertyId}], produces [application/hal+json || application/json || application/prs.hal-forms+json]}: deletePropertyReferenceId(RootResourceInformation,Serializable,String,String)
	{[PATCH, PUT, POST] [/{repository}/{id}/{property}], consumes [application/json || application/x-spring-data-compact+json || text/uri-list], produces [application/hal+json || application/json || application/prs.hal-forms+json]}: createPropertyReference(RootResourceInformation,HttpMethod,CollectionModel,Serializable,String)
	{DELETE [/{repository}/{id}/{property}], produces [application/hal+json || application/json || application/prs.hal-forms+json]}: deletePropertyReference(RootResourceInformation,Serializable,String)
	{GET [/{repository}/{id}/{property}], produces [text/uri-list]}: followPropertyReferenceCompact(RootResourceInformation,Serializable,String,HttpHeaders,PersistentEntityResourceAssembler)
	{GET [/{repository}/{id}/{property}/{propertyId}], produces [application/hal+json || application/json || application/prs.hal-forms+json]}: followPropertyReference(RootResourceInformation,Serializable,String,String,PersistentEntityResourceAssembler)
	{GET [/{repository}/{id}/{property}], produces [application/hal+json || application/json || application/prs.hal-forms+json]}: followPropertyReference(RootResourceInformation,Serializable,String,PersistentEntityResourceAssembler)
2023-08-14 21:24:27,457 DEBUG org.springframework.web.servlet.handler.AbstractHandlerMethodMapping [main] 
	o.s.d.r.w.RepositorySearchController:
	{GET [/{repository}/search/{search}], produces [application/x-spring-data-compact+json]}: executeSearchCompact(RootResourceInformation,HttpHeaders,MultiValueMap,String,String,DefaultedPageable,Sort,PersistentEntityResourceAssembler)
	{HEAD [/{repository}/search/{search}], produces [application/hal+json || application/json || application/prs.hal-forms+json]}: headForSearch(RootResourceInformation,String)
	{OPTIONS [/{repository}/search], produces [application/hal+json || application/json || application/prs.hal-forms+json]}: optionsForSearches(RootResourceInformation)
	{HEAD [/{repository}/search], produces [application/hal+json || application/json || application/prs.hal-forms+json]}: headForSearches(RootResourceInformation)
	{GET [/{repository}/search/{search}], produces [application/hal+json || application/json || application/prs.hal-forms+json]}: executeSearch(RootResourceInformation,MultiValueMap,String,DefaultedPageable,Sort,PersistentEntityResourceAssembler,HttpHeaders)
	{GET [/{repository}/search], produces [application/hal+json || application/json || application/prs.hal-forms+json]}: listSearches(RootResourceInformation)
	{OPTIONS [/{repository}/search/{search}], produces [application/hal+json || application/json || application/prs.hal-forms+json]}: optionsForSearch(RootResourceInformation,String)
2023-08-14 21:24:27,458 DEBUG org.springframework.web.servlet.handler.AbstractHandlerMethodMapping [main] 
	o.s.d.r.w.RepositorySchemaController:
	{GET [/profile/{repository}], produces [application/schema+json]}: schema(RootResourceInformation)
2023-08-14 21:24:27,458 DEBUG org.springframework.web.servlet.handler.AbstractHandlerMethodMapping [main] 
	o.s.d.r.w.a.AlpsController:
	{GET [/profile/{repository}], produces [application/alps+json || */*]}: descriptor(RootResourceInformation)
	{OPTIONS [/profile/{repository}], produces [application/alps+json]}: alpsOptions()
2023-08-14 21:24:27,459 DEBUG org.springframework.web.servlet.handler.AbstractHandlerMethodMapping [main] 
	o.s.d.r.w.ProfileController:
	{OPTIONS [/profile]}: profileOptions()
	{GET [/profile]}: listAllFormsOfMetadata()
2023-08-14 21:24:27,485 INFO org.apache.juli.logging.DirectJDKLog [main] Starting ProtocolHandler ["http-nio-8080"]
2023-08-14 21:24:27,505 INFO org.springframework.boot.StartupInfoLogger [main] Started CybershopApplication in 2.409 seconds (JVM running for 2.642)
